<?xml version="1.0" encoding="UTF-8"?>
<testng-results ignored="0" total="1" passed="1" failed="0" skipped="0">
  <reporter-output>
  </reporter-output>
  <suite started-at="2024-04-08T13:04:09 IST" name="Default suite" finished-at="2024-04-08T13:04:22 IST" duration-ms="12354">
    <groups>
    </groups>
    <test started-at="2024-04-08T13:04:09 IST" name="Default test" finished-at="2024-04-08T13:04:22 IST" duration-ms="12354">
      <class name="lpack.Demo">
        <test-method signature="test()[pri:0, instance:lpack.Demo@1ffaf86]" started-at="2024-04-08T13:04:09 IST" name="test" finished-at="2024-04-08T13:04:22 IST" duration-ms="12296" status="PASS">
          <reporter-output>
          </reporter-output>
        </test-method> <!-- test -->
      </class> <!-- lpack.Demo -->
    </test> <!-- Default test -->
  </suite> <!-- Default suite -->
</testng-results>
